<?xml version="1.0" encoding="UTF-8"?>
<testsuite xmlns:xsi="http://www.w3.org/2001/XMLSchema-instance" xsi:noNamespaceSchemaLocation="https://maven.apache.org/surefire/maven-surefire-plugin/xsd/surefire-test-report.xsd" name="user.service.imp.UserServiceImpTest" time="0.013" tests="5" errors="0" skipped="0" failures="0">
  <properties>
    <property name="sun.desktop" value="windows"/>
    <property name="awt.toolkit" value="sun.awt.windows.WToolkit"/>
    <property name="file.encoding.pkg" value="sun.io"/>
    <property name="java.specification.version" value="1.8"/>
    <property name="sun.cpu.isalist" value="amd64"/>
    <property name="sun.jnu.encoding" value="GBK"/>
    <property name="java.class.path" value="E:\project\study\maven\ssm\target\test-classes;E:\project\study\maven\ssm\target\classes;C:\Users\nl\.m2\repository\org\springframework\spring-aop\4.3.25.RELEASE\spring-aop-4.3.25.RELEASE.jar;C:\Users\nl\.m2\repository\org\springframework\spring-aspects\4.3.25.RELEASE\spring-aspects-4.3.25.RELEASE.jar;C:\Users\nl\.m2\repository\org\aspectj\aspectjweaver\1.8.9\aspectjweaver-1.8.9.jar;C:\Users\nl\.m2\repository\org\springframework\spring-beans\4.3.25.RELEASE\spring-beans-4.3.25.RELEASE.jar;C:\Users\nl\.m2\repository\org\springframework\spring-context\4.3.25.RELEASE\spring-context-4.3.25.RELEASE.jar;C:\Users\nl\.m2\repository\org\springframework\spring-expression\4.3.25.RELEASE\spring-expression-4.3.25.RELEASE.jar;C:\Users\nl\.m2\repository\org\springframework\spring-context-support\4.3.25.RELEASE\spring-context-support-4.3.25.RELEASE.jar;C:\Users\nl\.m2\repository\org\springframework\spring-core\4.3.25.RELEASE\spring-core-4.3.25.RELEASE.jar;C:\Users\nl\.m2\repository\org\springframework\spring-instrument\4.3.25.RELEASE\spring-instrument-4.3.25.RELEASE.jar;C:\Users\nl\.m2\repository\org\springframework\spring-jdbc\4.3.25.RELEASE\spring-jdbc-4.3.25.RELEASE.jar;C:\Users\nl\.m2\repository\org\springframework\spring-jms\4.3.25.RELEASE\spring-jms-4.3.25.RELEASE.jar;C:\Users\nl\.m2\repository\org\springframework\spring-messaging\4.3.25.RELEASE\spring-messaging-4.3.25.RELEASE.jar;C:\Users\nl\.m2\repository\org\springframework\spring-orm\4.3.25.RELEASE\spring-orm-4.3.25.RELEASE.jar;C:\Users\nl\.m2\repository\org\springframework\spring-oxm\4.3.25.RELEASE\spring-oxm-4.3.25.RELEASE.jar;C:\Users\nl\.m2\repository\org\springframework\spring-test\4.3.25.RELEASE\spring-test-4.3.25.RELEASE.jar;C:\Users\nl\.m2\repository\org\springframework\spring-tx\4.3.25.RELEASE\spring-tx-4.3.25.RELEASE.jar;C:\Users\nl\.m2\repository\org\springframework\spring-web\4.3.25.RELEASE\spring-web-4.3.25.RELEASE.jar;C:\Users\nl\.m2\repository\org\springframework\spring-webmvc\4.3.25.RELEASE\spring-webmvc-4.3.25.RELEASE.jar;C:\Users\nl\.m2\repository\org\springframework\spring-websocket\4.3.25.RELEASE\spring-websocket-4.3.25.RELEASE.jar;C:\Users\nl\.m2\repository\org\mybatis\mybatis\3.5.3\mybatis-3.5.3.jar;C:\Users\nl\.m2\repository\org\mybatis\mybatis-spring\1.3.0\mybatis-spring-1.3.0.jar;C:\Users\nl\.m2\repository\mysql\mysql-connector-java\5.1.37\mysql-connector-java-5.1.37.jar;C:\Users\nl\.m2\repository\junit\junit\4.12\junit-4.12.jar;C:\Users\nl\.m2\repository\org\hamcrest\hamcrest-core\1.3\hamcrest-core-1.3.jar;C:\Users\nl\.m2\repository\com\mchange\c3p0\0.9.5.5\c3p0-0.9.5.5.jar;C:\Users\nl\.m2\repository\com\mchange\mchange-commons-java\0.2.19\mchange-commons-java-0.2.19.jar;C:\Users\nl\.m2\repository\net\sourceforge\cglib\com.springsource.net.sf.cglib\2.2.0\com.springsource.net.sf.cglib-2.2.0.jar;C:\Users\nl\.m2\repository\javax\servlet\jstl\1.2\jstl-1.2.jar;C:\Users\nl\.m2\repository\javax\servlet\jsp\jsp-api\2.2.1-b03\jsp-api-2.2.1-b03.jar;C:\Users\nl\.m2\repository\javax\servlet\servlet-api\2.5\servlet-api-2.5.jar;C:\Users\nl\.m2\repository\com\fasterxml\jackson\core\jackson-core\2.7.1\jackson-core-2.7.1.jar;C:\Users\nl\.m2\repository\com\fasterxml\jackson\core\jackson-annotations\2.7.1\jackson-annotations-2.7.1.jar;C:\Users\nl\.m2\repository\com\fasterxml\jackson\core\jackson-databind\2.7.1\jackson-databind-2.7.1.jar;C:\Users\nl\.m2\repository\net\sf\json-lib\json-lib\2.4\json-lib-2.4-jdk15.jar;C:\Users\nl\.m2\repository\commons-lang\commons-lang\2.4\commons-lang-2.4.jar;C:\Users\nl\.m2\repository\commons-logging\commons-logging\1.1\commons-logging-1.1.jar;C:\Users\nl\.m2\repository\logkit\logkit\1.0.1\logkit-1.0.1.jar;C:\Users\nl\.m2\repository\avalon-framework\avalon-framework\4.1.3\avalon-framework-4.1.3.jar;C:\Users\nl\.m2\repository\commons-pool\commons-pool\1.5.6\commons-pool-1.5.6.jar;C:\Users\nl\.m2\repository\commons-dbcp\commons-dbcp\1.4\commons-dbcp-1.4.jar;C:\Users\nl\.m2\repository\commons-beanutils\commons-beanutils\1.8.3\commons-beanutils-1.8.3.jar;C:\Users\nl\.m2\repository\commons-httpclient\commons-httpclient\3.1\commons-httpclient-3.1.jar;C:\Users\nl\.m2\repository\commons-collections\commons-collections\3.1\commons-collections-3.1.jar;C:\Users\nl\.m2\repository\commons-codec\commons-codec\1.9\commons-codec-1.9.jar;C:\Users\nl\.m2\repository\javax\annotation\jsr250-api\1.0\jsr250-api-1.0.jar;C:\Users\nl\.m2\repository\net\sf\ezmorph\ezmorph\1.0.6\ezmorph-1.0.6.jar;C:\Users\nl\.m2\repository\javax\activation\activation\1.1\activation-1.1.jar;C:\Users\nl\.m2\repository\taglibs\standard\1.1.2\standard-1.1.2.jar;C:\Users\nl\.m2\repository\log4j\log4j\1.2.12\log4j-1.2.12.jar;C:\Users\nl\.m2\repository\org\slf4j\slf4j-api\1.6.6\slf4j-api-1.6.6.jar;C:\Users\nl\.m2\repository\org\slf4j\slf4j-log4j12\1.6.6\slf4j-log4j12-1.6.6.jar;C:\Users\nl\.m2\repository\commons-fileupload\commons-fileupload\1.3.1\commons-fileupload-1.3.1.jar;C:\Users\nl\.m2\repository\commons-io\commons-io\2.4\commons-io-2.4.jar;"/>
    <property name="java.vm.vendor" value="Oracle Corporation"/>
    <property name="sun.arch.data.model" value="64"/>
    <property name="user.variant" value=""/>
    <property name="java.vendor.url" value="http://java.oracle.com/"/>
    <property name="user.timezone" value="Asia/Shanghai"/>
    <property name="java.vm.specification.version" value="1.8"/>
    <property name="os.name" value="Windows 10"/>
    <property name="user.country" value="CN"/>
    <property name="sun.java.launcher" value="SUN_STANDARD"/>
    <property name="sun.boot.library.path" value="C:\Program Files\Java\jdk1.8.0_192\jre\bin"/>
    <property name="sun.java.command" value="C:\Users\nl\AppData\Local\Temp\surefire4564382430426532768\surefirebooter7687820506643907309.jar C:\Users\nl\AppData\Local\Temp\surefire4564382430426532768 2020-01-02T22-23-19_408-jvmRun1 surefire5355393770547120436tmp surefire_02839337746843266272tmp"/>
    <property name="surefire.test.class.path" value="E:\project\study\maven\ssm\target\test-classes;E:\project\study\maven\ssm\target\classes;C:\Users\nl\.m2\repository\org\springframework\spring-aop\4.3.25.RELEASE\spring-aop-4.3.25.RELEASE.jar;C:\Users\nl\.m2\repository\org\springframework\spring-aspects\4.3.25.RELEASE\spring-aspects-4.3.25.RELEASE.jar;C:\Users\nl\.m2\repository\org\aspectj\aspectjweaver\1.8.9\aspectjweaver-1.8.9.jar;C:\Users\nl\.m2\repository\org\springframework\spring-beans\4.3.25.RELEASE\spring-beans-4.3.25.RELEASE.jar;C:\Users\nl\.m2\repository\org\springframework\spring-context\4.3.25.RELEASE\spring-context-4.3.25.RELEASE.jar;C:\Users\nl\.m2\repository\org\springframework\spring-expression\4.3.25.RELEASE\spring-expression-4.3.25.RELEASE.jar;C:\Users\nl\.m2\repository\org\springframework\spring-context-support\4.3.25.RELEASE\spring-context-support-4.3.25.RELEASE.jar;C:\Users\nl\.m2\repository\org\springframework\spring-core\4.3.25.RELEASE\spring-core-4.3.25.RELEASE.jar;C:\Users\nl\.m2\repository\org\springframework\spring-instrument\4.3.25.RELEASE\spring-instrument-4.3.25.RELEASE.jar;C:\Users\nl\.m2\repository\org\springframework\spring-jdbc\4.3.25.RELEASE\spring-jdbc-4.3.25.RELEASE.jar;C:\Users\nl\.m2\repository\org\springframework\spring-jms\4.3.25.RELEASE\spring-jms-4.3.25.RELEASE.jar;C:\Users\nl\.m2\repository\org\springframework\spring-messaging\4.3.25.RELEASE\spring-messaging-4.3.25.RELEASE.jar;C:\Users\nl\.m2\repository\org\springframework\spring-orm\4.3.25.RELEASE\spring-orm-4.3.25.RELEASE.jar;C:\Users\nl\.m2\repository\org\springframework\spring-oxm\4.3.25.RELEASE\spring-oxm-4.3.25.RELEASE.jar;C:\Users\nl\.m2\repository\org\springframework\spring-test\4.3.25.RELEASE\spring-test-4.3.25.RELEASE.jar;C:\Users\nl\.m2\repository\org\springframework\spring-tx\4.3.25.RELEASE\spring-tx-4.3.25.RELEASE.jar;C:\Users\nl\.m2\repository\org\springframework\spring-web\4.3.25.RELEASE\spring-web-4.3.25.RELEASE.jar;C:\Users\nl\.m2\repository\org\springframework\spring-webmvc\4.3.25.RELEASE\spring-webmvc-4.3.25.RELEASE.jar;C:\Users\nl\.m2\repository\org\springframework\spring-websocket\4.3.25.RELEASE\spring-websocket-4.3.25.RELEASE.jar;C:\Users\nl\.m2\repository\org\mybatis\mybatis\3.5.3\mybatis-3.5.3.jar;C:\Users\nl\.m2\repository\org\mybatis\mybatis-spring\1.3.0\mybatis-spring-1.3.0.jar;C:\Users\nl\.m2\repository\mysql\mysql-connector-java\5.1.37\mysql-connector-java-5.1.37.jar;C:\Users\nl\.m2\repository\junit\junit\4.12\junit-4.12.jar;C:\Users\nl\.m2\repository\org\hamcrest\hamcrest-core\1.3\hamcrest-core-1.3.jar;C:\Users\nl\.m2\repository\com\mchange\c3p0\0.9.5.5\c3p0-0.9.5.5.jar;C:\Users\nl\.m2\repository\com\mchange\mchange-commons-java\0.2.19\mchange-commons-java-0.2.19.jar;C:\Users\nl\.m2\repository\net\sourceforge\cglib\com.springsource.net.sf.cglib\2.2.0\com.springsource.net.sf.cglib-2.2.0.jar;C:\Users\nl\.m2\repository\javax\servlet\jstl\1.2\jstl-1.2.jar;C:\Users\nl\.m2\repository\javax\servlet\jsp\jsp-api\2.2.1-b03\jsp-api-2.2.1-b03.jar;C:\Users\nl\.m2\repository\javax\servlet\servlet-api\2.5\servlet-api-2.5.jar;C:\Users\nl\.m2\repository\com\fasterxml\jackson\core\jackson-core\2.7.1\jackson-core-2.7.1.jar;C:\Users\nl\.m2\repository\com\fasterxml\jackson\core\jackson-annotations\2.7.1\jackson-annotations-2.7.1.jar;C:\Users\nl\.m2\repository\com\fasterxml\jackson\core\jackson-databind\2.7.1\jackson-databind-2.7.1.jar;C:\Users\nl\.m2\repository\net\sf\json-lib\json-lib\2.4\json-lib-2.4-jdk15.jar;C:\Users\nl\.m2\repository\commons-lang\commons-lang\2.4\commons-lang-2.4.jar;C:\Users\nl\.m2\repository\commons-logging\commons-logging\1.1\commons-logging-1.1.jar;C:\Users\nl\.m2\repository\logkit\logkit\1.0.1\logkit-1.0.1.jar;C:\Users\nl\.m2\repository\avalon-framework\avalon-framework\4.1.3\avalon-framework-4.1.3.jar;C:\Users\nl\.m2\repository\commons-pool\commons-pool\1.5.6\commons-pool-1.5.6.jar;C:\Users\nl\.m2\repository\commons-dbcp\commons-dbcp\1.4\commons-dbcp-1.4.jar;C:\Users\nl\.m2\repository\commons-beanutils\commons-beanutils\1.8.3\commons-beanutils-1.8.3.jar;C:\Users\nl\.m2\repository\commons-httpclient\commons-httpclient\3.1\commons-httpclient-3.1.jar;C:\Users\nl\.m2\repository\commons-collections\commons-collections\3.1\commons-collections-3.1.jar;C:\Users\nl\.m2\repository\commons-codec\commons-codec\1.9\commons-codec-1.9.jar;C:\Users\nl\.m2\repository\javax\annotation\jsr250-api\1.0\jsr250-api-1.0.jar;C:\Users\nl\.m2\repository\net\sf\ezmorph\ezmorph\1.0.6\ezmorph-1.0.6.jar;C:\Users\nl\.m2\repository\javax\activation\activation\1.1\activation-1.1.jar;C:\Users\nl\.m2\repository\taglibs\standard\1.1.2\standard-1.1.2.jar;C:\Users\nl\.m2\repository\log4j\log4j\1.2.12\log4j-1.2.12.jar;C:\Users\nl\.m2\repository\org\slf4j\slf4j-api\1.6.6\slf4j-api-1.6.6.jar;C:\Users\nl\.m2\repository\org\slf4j\slf4j-log4j12\1.6.6\slf4j-log4j12-1.6.6.jar;C:\Users\nl\.m2\repository\commons-fileupload\commons-fileupload\1.3.1\commons-fileupload-1.3.1.jar;C:\Users\nl\.m2\repository\commons-io\commons-io\2.4\commons-io-2.4.jar;"/>
    <property name="sun.cpu.endian" value="little"/>
    <property name="user.home" value="C:\Users\nl"/>
    <property name="user.language" value="zh"/>
    <property name="java.specification.vendor" value="Oracle Corporation"/>
    <property name="java.home" value="C:\Program Files\Java\jdk1.8.0_192\jre"/>
    <property name="basedir" value="E:\project\study\maven\ssm"/>
    <property name="file.separator" value="\"/>
    <property name="line.separator" value="&#10;"/>
    <property name="java.vm.specification.vendor" value="Oracle Corporation"/>
    <property name="java.specification.name" value="Java Platform API Specification"/>
    <property name="java.awt.graphicsenv" value="sun.awt.Win32GraphicsEnvironment"/>
    <property name="surefire.real.class.path" value="C:\Users\nl\AppData\Local\Temp\surefire4564382430426532768\surefirebooter7687820506643907309.jar"/>
    <property name="sun.boot.class.path" value="C:\Program Files\Java\jdk1.8.0_192\jre\lib\resources.jar;C:\Program Files\Java\jdk1.8.0_192\jre\lib\rt.jar;C:\Program Files\Java\jdk1.8.0_192\jre\lib\sunrsasign.jar;C:\Program Files\Java\jdk1.8.0_192\jre\lib\jsse.jar;C:\Program Files\Java\jdk1.8.0_192\jre\lib\jce.jar;C:\Program Files\Java\jdk1.8.0_192\jre\lib\charsets.jar;C:\Program Files\Java\jdk1.8.0_192\jre\lib\jfr.jar;C:\Program Files\Java\jdk1.8.0_192\jre\classes"/>
    <property name="user.script" value=""/>
    <property name="sun.management.compiler" value="HotSpot 64-Bit Tiered Compilers"/>
    <property name="java.runtime.version" value="1.8.0_192-b12"/>
    <property name="user.name" value="nl"/>
    <property name="path.separator" value=";"/>
    <property name="os.version" value="10.0"/>
    <property name="java.endorsed.dirs" value="C:\Program Files\Java\jdk1.8.0_192\jre\lib\endorsed"/>
    <property name="java.runtime.name" value="Java(TM) SE Runtime Environment"/>
    <property name="file.encoding" value="GBK"/>
    <property name="java.vm.name" value="Java HotSpot(TM) 64-Bit Server VM"/>
    <property name="localRepository" value="C:\Users\nl\.m2\repository"/>
    <property name="java.vendor.url.bug" value="http://bugreport.sun.com/bugreport/"/>
    <property name="java.io.tmpdir" value="C:\Users\nl\AppData\Local\Temp\"/>
    <property name="idea.version" value="2018.2"/>
    <property name="java.version" value="1.8.0_192"/>
    <property name="user.dir" value="E:\project\study\maven\ssm"/>
    <property name="os.arch" value="amd64"/>
    <property name="java.vm.specification.name" value="Java Virtual Machine Specification"/>
    <property name="java.awt.printerjob" value="sun.awt.windows.WPrinterJob"/>
    <property name="sun.os.patch.level" value=""/>
    <property name="java.library.path" value="C:\Program Files\Java\jdk1.8.0_192\jre\bin;C:\WINDOWS\Sun\Java\bin;C:\WINDOWS\system32;C:\WINDOWS;C:\ProgramData\DockerDesktop\version-bin;C:\Program Files\Docker\Docker\Resources\bin;C:\Program Files (x86)\Common Files\Oracle\Java\javapath;C:\Windows\system32;C:\Windows;C:\Windows\System32\Wbem;C:\Windows\System32\WindowsPowerShell\v1.0\;C:\Program Files\TortoiseSVN\bin;C:\WINDOWS\system32;C:\WINDOWS;C:\WINDOWS\System32\Wbem;C:\WINDOWS\System32\WindowsPowerShell\v1.0\;d:\Program Files\OpenVPN\bin;C:\WINDOWS\System32\OpenSSH\;C:\Program Files (x86)\OpenVPN-SR\bin;C:\Program Files\OpenVPN\bin;C:\Program Files\work\Git\cmd;C:\Program Files\work\Redis\;C:\Users\nl\AppData\Local\Microsoft\WindowsApps;C:\Program Files\Java\jdk1.8.0_192\bin;C:\Program Files\Java\jdk1.8.0_192\jre\bin;%CATALINA_HOME%\lib;%CATALINA_HOME%\bin;C:\Program Files (x86)\SSH Communications Security\SSH Secure Shell;C:\Program Files\work\mysql-5.6.32-winx64\bin;C:\Program Files\work\maven-3.6.1\bin;C:\Program Files\work\Redis;;."/>
    <property name="java.vm.info" value="mixed mode"/>
    <property name="java.vendor" value="Oracle Corporation"/>
    <property name="java.vm.version" value="25.192-b12"/>
    <property name="java.ext.dirs" value="C:\Program Files\Java\jdk1.8.0_192\jre\lib\ext;C:\WINDOWS\Sun\Java\lib\ext"/>
    <property name="sun.io.unicode.encoding" value="UnicodeLittle"/>
    <property name="java.class.version" value="52.0"/>
  </properties>
  <testcase name="getInfoById" classname="user.service.imp.UserServiceImpTest" time="0.001"/>
  <testcase name="delete" classname="user.service.imp.UserServiceImpTest" time="0"/>
  <testcase name="update" classname="user.service.imp.UserServiceImpTest" time="0"/>
  <testcase name="save" classname="user.service.imp.UserServiceImpTest" time="0"/>
  <testcase name="getUserList1" classname="user.service.imp.UserServiceImpTest" time="0.009"/>
</testsuite>